[    0.000000] Liux vversion 4.15.0-55-generic (buildd@lcy01-amd64-029) (gcc version 7.4.0 (Ubuntu 7.4.0-1ubuntu1~18.04.1)) #60-Ubuntu SMP Tue Jul 2 18:22:20 UTC 2019 (Ubuntu 4.15.0-55.60-generic 4.15.18)
[    0.000000] Command line: BOOT_IMAGE=/boot/vmlinuz-4.15.0-55-generic root=UUID=9a42ac21-ee4c-4f86-9cd4-40d0d29bc514 ro console=tty1 console=ttyS0
[    0.000000] KERNEL supported cpus:
[    0.000000]   Intel GenuineIntel
[    0.000000]   AMD AuthenticAMD
[    0.000000]  Centaur CentaurHauls
[    0.000000] x86/fpu: Supporting XSAVE feature 0x001: 'x87 floating point registers'
[    0.000000] x86/fpu: Supporting XSAVE feature 0x002: 'SS registers'
[    0.000000] x86/fpu:  Supporting XSAVE feature 0x004: 'AVX registers'
[    0.000000] x86/fpu: xstate_offset[2]:  576, xstate_sizes[2]:  56
[    0.00000] x86/fpu: Enabled xstate features 0x7, context size is 832 bytes, using 'standard' format.
[    0.000000] e820: BIOS-provided physical RAM map:
[    0.000000] BIOS-e820: [mem 0x0000000000000000-0x000000000009fbff] usable
[    0.000000] BIOS-e820: [mem 0x000000000009fc00-0x000000000009ffff] reserved
[   0.000000] BIOS-e820: [mem 0x00000000000f0000-0x00000000000fffff] reserved
[    0.000000] BIOS-e820: [mem 0x0000000000100000-0x00000003ffeffff] usable
[    0.000000] IOS-e820: [mem 0x000000003fff0000-0x00000003fffffff] CPI data
[    0.000000] BIOS-e820 [mem 0x00000000fec00000-0x00000000fec00fff]reserve
[    0.000000] BIOS-e820: [mem 0x00000000fee00000-0x00000000fee00fff] reserved
[    0.000000] BIOS-e820: [mem 0x00000000fffc0000-0x000000ffffffff] resered
[    0.000000] NX (Execute Disable) protection: active
[    0.000000] SMBIOS 2.5 present.
[    0.000000] DMI: innotek GmbH VirtualBox/VirtualBox, BIOS VirtualBox 12/01/2006
[    0.000000] Hypervisor detected: KVM
[    0.000000] e820: last_pfn = 0x3fff0 max_archh_pfn = 0x400000000
[    0.000000] MTRR: Disabled
[    0.000000] x86/PAT: MTRRs disabled, skipping PAT initialization too.
[    0.000000] CPU MTRRs all blank - virtualized system.
[    0.000000] x86/PAT: Configuration [0-7]: WB  WT  UC- UC  WB  WT  UC- UC  
[    0.000000] found SMP MP-table at [mem 0x0009fff0-0x0009ffff] mapped at [        (ptrval)]
[    0.000000] Scanning 1 areas for low memory corruption
[    .000000]RAMDISK: [mem 0x35987000-0x36cbafff]
[    0.000000] ACPI: Early table checksum verification disabled
[    0.000000] ACPI: RSDP 0x00000000000E0000 000024 (v02 VBOX  )
[    0.000000] ACPI: XSDT 0x000000003FFF0030 00003C (v01 VBOX   VBOXXSDT 00000001 ASL  00000061)
[    0.000000] ACPI: FACP 0x000000003FFF00F0 0000F4 (v04 VBOX   VBOXFACP 00000001 ASL  00000061)
[    .000000] ACPI: DSDT 0x0000003FFF0470 0021FF (v02 VBOX   VBXBIOS 00000002 INTL 20100528)
[    0.000000] ACPI: FACS 0x000000003FFF0200 000040
[    0.000000] ACPI: FACS 0x000000003FFF0200 000040

[    0.000000] ACPI: APIC 0x000000003FFF0240 00005C (v02 VBOX   VBOXAPIC 00000001 ASL  00000061)
[    0.000000] ACPI: SSDT 0x000000003FFF02A0 0001CC (v01 VBOX   VBOXCPUT 00000002 INTL 20100528)
[    0.000000] No NUMA configuration found
[    0.000000] Faking a node at [mem 0x0000000000000000-0x000000003ffeffff]
[    0.000000] NODE_DATA(0) allocated [mem 0x3ffc5000-0x3ffeffff]
[    0.000000] kvm-clock: cpu 0, msr 0:3ff44001, primary cpu clock
[    0.000000] kvm-clock: Using msrs 4b564d01 and 4b564d00
[    0.000000] kvm-clock: using sched offset of 10509368500 cycles
[    0.000000] clocksource: kvm-clock: mask: 0xffffffffffffffff max_cycles: 0x1cd42e4dffb, max_idle_ns: 881590591483 ns
[    0.000000] Zone ranges:
[    0.000000]   DMA      [mem 0x0000000000001000-0x0000000000ffffff]
[    0.000000]   DMA32    [mem 0x0000000001000000-0x000000003ffeffff]
[    0.000000]   Normal   empty
[    0.000000]   Device   empty
[    0.000000] Movable zone start for each node
[    0.000000] Early memory node ranges
[    0.000000]   node   0: [mem 0x0000000000001000-0x00000000000efff]
[   0.000000]   node   0: [mem 0x0000000000100000-0x000000003ffeffff]
[    0.000000] Reserved but unavailable: 114 pages
[    0.000000] Initmem setup node 0 [mem 0x0000000000001000-0x000000003ffeffff]
[    0.000000] ACPI: PM-Timer IO Port: 0x4008
[    0.000000] IOAPIC[0]: apic_id 2, version 32, address 0xfec00000, GSI 0-23
[    0.00000] ACPI: INT_SRC_OVR (bus 0 bus_irq  global_irq 2 fl dfl)
[    0.000000 ACPI: INT_SRC_OVR (bus 0 bus_irq 9 global_irq 9 low level)
[    0.000000] Uing ACPI (MADT) for SMP configuration information
[    0.000000] smpboot: Allowing 2 CPUs, 0 hotplug CPUs
[    0.000000] PM: Registered nosave memory: [mem 0x00000000-0x00000fff]
[    0.000000] PM: Registered nosave memory: [mem 0x0009f000-0x0009ffff]
[    0.000000] PM: Registered nosave memory: [mem 0x000a0000-0x000effff]
[    0.000000] PM: Registered nosave memory: [mem 0x000f0000-0x000fffff]
[    .000000] e820: [mem 0x4000000-0xfebfffff] available for PCI devices
[    0.000000] Booting paravirtualized kernel on KVM
[    0.000000] clocksource: refined-jiffies: mask: 0xffffffff max_cycles: 0xffffffff, max_idle_ns: 7645519600211568 ns
[    0.000000] random: get_random_bytes called from start_kernel+0x99/0x4fd with crng_init=0
[    0.000000] setup_percpu: NR_CUS:8192 nr_cpumask_bits:2 n_cpu_ids:2 nr_node_ids:1
[    0.000000  percpu: Embedded 46 pages/cpu @        (ptrval) s151552 r8192 d28672 u1048576
[    0.000000] PV qspinlock hash able entries: 256 (order: 0, 4096 bytes)
[    0.000000] Built 1 zonelists, mobility grouping on.  Total pages: 257913
[    0.000000] Policy zone: DMA32
[    0.000000]] Kernel command line: BOOT_IMAGE=/boot/vmlinuz-4.15.0-55-generic root=UUID=9a42ac21-ee4c-4f86-9cd4-40d0d29bc514 ro console=tty1 console=ttyS0
[    0.000000] Memory: 982920K/1048120K available (12300K kernel code, 2473K rwdata, 4276K rodata, 2408K init, 2416K bss, 65200K reserved, 0K cma-reserved)
[    0.000000] SLUB: HWalign=64,Order=0-3, MinObjects=0, CPUs=2, Nodes=

[    0.00000] ftrace: allocatin 39219 entries in 154 pages
[    0.004000] HierarchicalRCU implementation.
[    0.004000] 	RCU restricting CPUs from NR_CPUS=8192 to nr_cpu_ids=2.
[    0.004000] 	Tasks RCU enabled.
[    0.004000] RCU: Adjusting geometry for rcu_fanout_leaf=16, nr_cpu_ids=2
[    0.004000] NR_IRQS: 524544, nr_irqs: 440, preallocated irqs: 16
[    0.004000] Console: colour VGA+ 80x25
[    0.004000] console [tty1] enabled
[    0.004000] console [ttyS0] enabled
[    0.004000] ACPI: Core revision 20170831
[    0.044000] ACPI: 2 ACPI AML tables successfully acquired and loaded
[    0.004000] APIC: Switch to symmetric I/O mode setup
[    0.005101] x2apic enabled
[    0.008029] Switched APIC routing to physical x2apic.
[    0.012000] ..TIMER: vector=0x30 apic1=0 pin1=2 apic2=-1 pin2=-1
[    0.012022] tsc: Detected 1497.193 MHz processor
[    0.016000] tsc: Marking TSC unstable due to TSCs unsynchronized
[    0.016000] Calibrating delay loop (skipped) preset value.. 2994.38 BogoMIPS (lpj=5988772)
[    0.016026] pid_max: default: 32768 minimum: 301
[    0.020294] Security Framework initialized
[    0.024025] Yama: becoming mindful.
[    0.028186] AppArmor: AppArmor initialized
[    0.040205] Dentry cache hash table entries: 131072 (order: 8, 1048576 bytes)
[    0.044329] Inode-cache hash table entries: 65536 (order: 7, 524288 bytes)
[    0.048116] Mount-cache hash table entries: 2048 (order: 2, 16384 bytes)
[    0.052055] Mountpoint-cache hash table entries: 2048 (order: 2, 16384 bytes)
[    0.056842] mce: CPU supports 0 MCE banks
[    0.060074] Last level iTLB entries: 4KB 512, 2MB 8, 4MB 4
[    0.064024] Last level dTLB entries: 4KB 512, 2MB 256, 4MB 128, 1GB 0
[    0.068024] Spectre V2 : Spectre mitigation: LFENCE not serializing, switching to generic retpoline
[    0.072021] Spectre V2 : Mitigation: Full generic retpoline
[    0.076019] Spectre V2 : Spectre v2 / SpectreRSB mitigation: Filling RSB on context switch
[    0.080025] Speculative Store Bypass: Mitigation: Speculative Store Bypass disabled via prctl and seccomp
[    0.084345] Freeing SMP alternatives memory: 36K
[    0.096000] APIC calibration not consistent with PM-Timer: 98ms instead of 100ms
[    0.096000] APIC delta adjusted to PM-Timer: 6319463 (6215938)
[   0.6303] smpboot: CPU0: AMD E1-7010 APU with AMD Radeon R2 Graphics (family: 0x16, model: 0x30, stepping: 0x1)
[    0.100000] Performance Events: PMU not available due to virtualization, using software events only.
[    0.100000] Hierarchical SRCU implementaton.
[    010000] NMI watchdog: Perf event create on CPU 0 failed with -2
[  00000 NMI watchdog: Perf NMI watchdog permanently disabled
[    0.100320] smp: Bringing up secondary CPUs ...
[    0.108314] x86: Booting SMP configuration:
[    0.112028] .... node  #0, CPUs:      #1
[    0.004000] kvm-clock: cpu 1, msr 0:3ff44041, secondary cpu clock
[    0.004000] mce: CPU supports 0 MCE banks
[    0.244122] smp: Brought up 1 node, 2 CPUs
[    0.248036] smpboot: Max logical packages: 1
[    0.252026] smpboot: Total of 2 processors activated (5988.77 BogoMIPS)
[    0.256609] devtmpfs: initialized
[    0.264206] x86/mm: Memory block size: 128MB
[    0.272571] evm: security.selinux
[    0.276017] evm: security.SMACK64
[    0.280021] evm: security.SMACK64EXEC
[    0.284021] evm: security.SMACK64TRANSMUTE
[    0.288020] evm: security.SMACK64MMAP
[    0.296024] evm: security.apparmor
[    0.300019] evm: security.ima
[    0.304018] evm: security.capability
[    0.312283] clocksource: jiffies: mask: 0xffffffff max_cycles: 0xffffffff, max_idle_ns: 7645041785100000 ns
[    0.316064] futex hash table entries: 512 (order: 3, 32768 bytes)
[    0.320367] pinctrl core: initialized pinctrl subsystem
[    0.328491] RTC time:  5:06:20, date: 08/08/19
[    0.332799] NET: Registered protocol family 16
[    0.336317] audit: initializing netlink subsys (disabled)
[    0.340169] audit: type=2000 audit(1565240776.691:1): state=initialized audit_enabled=0 res=1
[    0.396107] cpuidle: using governor ladder
[    0.412117] cpuidle: using governor menu
[    0.416612] ACPI: bus type PCI registered
[    0.420030] acpiphp: ACPI Hot Plug PCI Controller Driver version: 0.5
[    0.424468] PCI: Using configuration type 1 for base access
[    0.428023] PCI: Using configuration type 1 for extended access
[    0.438818] HugeTLB registered 2.00 MiB page size, pre-allocated 0 pages
[    0.445085] ACPI: Added _OSI(Module Device)
[    0.448044] ACPI: Added _OSI(Processor Device)
[    0.452032] ACPI: Added _OSI(3.0 _SCP Extensions)
[    0.456030] ACPI: Added _OSI(Processor Aggregator Device)
[    0.461350] ACPI: Added _OSI(Linux-Dell-Video)
[    0.464074] ACPI: Added _OSI(Linux-Lenovo-NV-HDMI-Audio)
[    0.468060] ACPI: Added _OSI(Linux-HPI-Hybrid-Graphics)
[    0.477034] ACPI: Executed 1 blocks of module-level executable AML code
[    0.497425] ACPI: Interpreter enabled
[    0.500089] ACPI: (supports S0 S5)
[    0.504028] ACPI: Using IOAPIC for interrupt routing
[    0.513149] PCI: Using host bridge windows from ACPI; if necessary, use "pci=nocrs" and report a bug
[    0.516921] ACPI: Enabled 2 GPEs in block 00 to 07
[    0.537965] ACPI: PCI Root Bridge [PCI0] (domain 0000 [bus 00-ff])
[    0.540066] acpi PNP0A03:00: _OSC: OS supports [ExtendedConfig ASPM ClockPM Segments MSI]
[    0.544336] acpi PNP0A03:00: _OSC: OS now controls [PCIeHotplug PME AER PCIeCapability]
[    0.552976] PCI host bridge to bus 0000:00
[    0.556076] pci_bus 0000:00: root bus resource [io  0x0000-0x0cf7 window]
[    0.560035] pci_bus 0000:00: root bus resource [io  0x0d00-0xffff window]
[    0.564037] pci_bus 0000:00: root bus resource [mem 0x000a0000-0x000bffff window]
[    0.568036] pci_bus 0000:00: root bus resource [mem 0x40000000-0xfdffffff window]
[    0.572040] pci_bus 0000:00: root bus resource [bus 00-ff]
[    0.576000] pci 0000:00:01.1: legacy IDE quirk: reg 0x10: [io  0x01f0-0x01f7]
[    0.576033] pci 0000:00:01.1: legacy IDE quirk: reg 0x14: [io  0x03f6]
[    0.580033] pci 0000:00:01.1: legacy IDE quirk: reg 0x18: [io  0x0170-0x0177]
[    0.584032] pci 0000:00:01.1: legacy IDE quirk: reg 0x1c: [io  0x0376]
[    0.649923] pci 0000:00:07.0: quirk: [io  0x4000-0x403f] claimed by PIIX4 ACPI
[    0.652087] pci 0000:00:07.0: quirk: [io  0x4100-0x410f] claimed by PIIX4 SMB
[    0.709031] ACPI: PCI Interrupt Link [LNKA] (IRQs 5 9 10 *11)
[    0.713790] ACPI: PCI Interrupt Link [LNKB] (IRQs 5 9 *10 11)
[    0.720556] ACPI: PCI Interrupt Link [LNKC] (IRQs 5 *9 10 11)
[    0.728563] ACPI: PCI Interrupt Link [LNKD] (IRQs 5 9 10 *11)
[    0.737094] SCSI subsystem initialized
[    0.744234] pci 0000:00:02.0: vgaarb: setting as boot VGA device
[    0.748000] pci 0000:00:02.0: vgaarb: VGA device added: decodes=io+mem,owns=io+mem,locks=none
[    0.824039] pci 0000:00:02.0: vgaarb: bridge control possible
[    0.856022] vgaarb: loaded
[    0.868264] ACPI: bus type USB registered
[    0.880248] usbcore: registered new interface driver usbfs
[    0.900108] usbcore: registered new interface driver hub
[    0.908154] usbcore: registered new device driver usb
[    0.916364] EDAC MC: Ver: 3.0.0
[    0.924511] PCI: Using ACPI for IRQ routing
[    0.933107] NetLabel: Initializing
[    0.940027] NetLabel:  domain hash size = 128
[    0.948022] NetLabel:  protocols = UNLABELED CIPSOv4 CALIPSO
[    0.956093] NetLabel:  unlabeled traffic allowed by default
[    0.972000] clocksource: Switched to clocksource kvm-clock
[    1.048038] VFS: Disk quotas dquot_6.6.0
[    1.058191] VFS: Dquot-cache hash table entries: 512 (order 0, 4096 bytes)
[    1.098079] AppArmor: AppArmor Filesystem Enabled
[    1.129998] pnp: PnP ACPI init
[    1.189196] pnp: PnP ACPI: found 3 devices
[    1.277969] clocksource: acpi_pm: mask: 0xffffff max_cycles: 0xffffff, max_idle_ns: 2085701024 ns
[    1.411772] NET: Registered protocol family 2
[    1.472581] TCP established hash table entries: 8192 (order: 4, 65536 bytes)
[    1.594844] TCP bind hash table entries: 8192 (order: 5, 131072 bytes)
[    1.717019] TCP: Hash tables configured (established 8192 bind 8192)
[    1.800905] UDP hash table entries: 512 (order: 2, 16384 bytes)
[    1.890642] UDP-Lite hash table entries: 512 (order: 2, 16384 bytes)
[    1.960012] NET: Registered protocol family 1
[    2.014332] pci 0000:00:00.0: Limiting direct PCI/PCI transfers
[    2.098071] pci 0000:00:01.0: Activating ISA DMA hang workarounds
[    2.104242] pci 0000:00:02.0: Video device with shadowed ROM at [mem 0x000c0000-0x000dffff]
[    2.164251] Unpacking initramfs...
[    3.112496] Freeing initrd memory: 19664K
[    3.167888] clocksource: tsc: mask: 0xffffffffffffffff max_cycles: 0x1594c711a90, max_idle_ns: 440795265835 ns
[    3.245260] platform rtc_cmos: registered platform RTC device (no PNP device found)
[    3.248744] Scanning for low memory corruption every 60 seconds
[    3.263414] Initialise system trusted keyrings
[    3.271198] Key type blacklist registered
[    3.318158] workingset: timestamp_bits=36 max_order=18 bucket_order=0
[    3.376472] zbud: loaded
[    3.404449] squashfs: version 4.0 (2009/01/31) Phillip Lougher
[   3621]us init (API version 7.26)

[    3.850097] Key type asymmetric registered
[    3.883732] Asymmetric key parser 'x509' registered
[    3.894208] Block layer SCSI generic (bsg) driver version 0.4 loaded (major 246)
[    3.915526] io scheduler noop registered
[    3.945180] io scheduler deadline registered
[    3.962897] io scheduler cfq registered (default)
[    3.970973] ACPI: AC Adapter [AC] (on-line)
[    3.990882] input: Power Button as /devices/LNXSYSTM:00/LNXPWRBN:00/input/input0
[    4.021840] ACPI: Power Button [PWRF]
[    4.042164] input: Sleep Button as /devices/LNXSYSTM:00/LNXSLPBN:00/input/input1
[    4.069057] ACPI: Sleep Button [SLPF]
[    4.078519] ACPI: Battery Slot [BAT0] (battery present)
[    4.092467] Serial: 8250/16550 driver, 32 ports, IRQ sharing enabled
[    4.135775] 00:02: ttyS0 at I/O 0x3f8 (irq = 4, base_baud = 115200) is a 16550A
[    4.182193] Linux agpgart interface v0.103
[    4.217664] loop: module loaded
[    4.252591] scsi host0: ata_piix
[    4.256930] scsi host1: ata_piix
[    4.260506] ata1: PATA max UDMA/33 cmd 0x1f0 ctl 0x3f6 bmdma 0xd000 irq 14
[    4.260787] ata2:PAA x DM33mdx1 cl 37 bmmaxd08 iq 
[    5.411442] libphy: Fixed MDIO Bus: probed
[    5.466342] tun: Universal TUN/TAP device driver, 1.6
[    5.495573] PPP generic driver version 2.4.2
[    5.541946] ehci_hcd: USB 2.0 'Enhanced' Host Controller (EHCI) Driver
[    5.580119] ehci-pci: EHCI PCI platform driver
[    5.602120] ehci-platform: EHCI generic platform driver
[    5.643275] ohci_hcd: USB 1.1 'Open' Host Controller (OHCI) Driver
[    5.689772] ohci-pci: OHCI PCI platform driver
[    5.712366] ohci-platform: OHCI generic platform driver
[    5.750713] uhci_hcd: USB Universal Host Controller Interface driver
[    5.765421] i8042: PNP: PS/2 Controller [PNP0303:PS2K,PNP0f03:PS2M] at 0x60,0x64 irq 1,12
[    5.786864] serio: i8042 KBD port at 0x60,0x64 irq 1
[    5.795235] serio: i8042 AUX port at 0x60,0x64 irq 12
[    5.804466] mousedev: PS/2 mouse device common for all mice
[    5.815482] input: AT Translated Set 2 keyboard as /devices/platform/i8042/serio0/input/input2
[    5.817398] rtc_cmos rtc_cmos: rtc core: registered rtc_cmos as rtc0
[    5.817623] rtc_cmos rtc_cmos: alarms up to one day, 114 bytes nvram
[    5.817655] i2c /dev entries driver
[    5.817842] device-mapper: uevent: version 1.0.3
[    5.818049] device-mapper: ioctl: 4.37.0-ioctl (2017-09-20) initialised: dm-devel@redhat.com
[    5.946440] ledtrig-cpu: registered to indicate activtyn Us
[    6.222784] NET: Registered protocol family 10
[    6.261299] Segment Routing with IPv6
[    6.265279] NET: Registered protocol family 17
[    6.270192] Key type dns_resolver registered
[    6.300421] RAS: Correctable Errors collector initialized.
[    6.333283] sched_clock: Marking stable (6332941003, 0)->(23569187141, -17236246138)
[    6.388397] registered taskstats version 1
[    6.399557] Loading compiled-in X.509 certificates
[    6.444189] Loaded X.509 cert 'Build time autogenerated kernel key: 2ed9c0a78927f1fed24db33f01fd983502d97350'
[    6.494903] zswap: loaded using pool lzo/zbud
[    6.528478] Key type big_key registered
[    6.555252] Key type trusted registered
[    6.571857] Key type encrypted registered
[    6.598590] AppArmor: AppArmor sha1 policy hashing enabled
[    6.613437] ima: No TPM chip found, activating TPM-bypass! (rc=-19)
[    6.644558] ima: Allocated hash algorithm: sha1
[    6.662659] evm: HMAC attrs: 0x1
[    6.668996]   Magic number: 15:205:112
[    6.679655] rtc_cmos rtc_cmos: setting system clock to 2019-08-08 05:06:28 UTC (1565240788)
[    6.713305] BIOS EDD facility v0.16 2004-Jun-25, 0 devices found
[    6.732054] EDD information not available.
[    6.766296] Freeing unused kernel image memory: 2408K
[    7.429141] Write protecting the kernel read-only data: 20480k
[    7.506791] Freeing unused kernel image memory: 2008K
[    7.519820] Freeing unused kernel image memory: 1868K
[    7.589078] x86/mm: Checked W+X mappings: passed, no W+X pages found.
Loading, please wait...
starting version 237
[    7.924400] e1000: Intel(R) PRO/1000 Network Driver - version 7.3.21-k8-NAPI
[    7.968990] e1000: Copyright (c) 1999-2006 Intel Corporation.
[    8.124854] Fusion MPT base driver 3.04.20
[    8.137934] Copyright (c) 1999-2008 LSI Corporation
[    8.173282] AVX version of gcm_enc/dec engaged.
[    8.201471] AES CTR mode by8 optimization enabled
[    8.314697] Fusion MPT SPI Host driver 3.04.20
[    8.321558] input: ImExPS/2 Generic Explorer Mouse as /devices/platform/i8042/serio1/input/input4
[    8.865464] e1000 0000:00:03.0 eth0: (PCI:33MHz:32-bit) 02:44:a0:33:03:e1
[    9.270636] e1000 0000:00:03.0 eth0: Intel(R) PRO/1000 Network Connection
[   10.707429] e1000 0000:00:08.0 eth1: (PCI:33MHz:32-bit) 08:00:27:83:31:0a
[   10.765496] e1000 0000:00:08.0 eth1: Intel(R) PRO/1000 Network Connection
[   10.849586] e1000 0000:00:08.0 enp0s8: renamed from eth1
[   10.864190] mptbase: ioc0: Initiating bringup
[   10.954444] e1000 0000:00:03.0 enp0s3: renamed from eth0
[   11.028898] ioc0: LSI53C1030 A0: Capabilities={Initiator}
[   12.243008] scsi host2: ioc0: LSI53C1030 A0, FwRev=00000000h, Ports=1, MaxQ=256, IRQ=20
[   13.678879] scsi 2:0:0:0: Direct-Access     VBOX     HARDDISK         1.0  PQ: 0 ANSI: 5
[   14.439424] scsi target2:0:0: Beginning Domain Validation
[   14.471835] scsi target2:0:0: Domain Validation skipping write tests
[   14.713320] scsi target2:0:0: Ending Domain Validation
[   14.779577] scsi target2:0:0: asynchronous
[   14.818166] random: fast init done
[   14.850347] scsi 2:0:1:0: Direct-Access     VBOX     HARDDISK         1.0  PQ: 0 ANSI: 5
[   15.540459] scsi target2:0:1: Beginning Domain Validation
[   15.554420] scsi target2:0:1: Domain Validation skipping write tests
[   15.587759] scsi target2:0:1: Ending Domain Validation
[   15.593637] scsi target2:0:1: asynchronous
[   15.618922] random: systemd-udevd: uninitialized urandom read (16 bytes read)
[   15.619177] sd 2:0:0:0: Attached scsi generic sg0 type 0
[   15.619759] sd 2:0:1:0: Attached scsi generic sg1 type 0
[   15.693431] random: systemd-udevd: uninitialized urandom read (16 bytes read)
[   15.733268] random: systemd-udevd: uninitialized urandom read (16 bytes read)
[   15.748330] sd 2:0:1:0: [sdb] 20480 512-byte logical blocks: (10.5 MB/10.0 MiB)
[   15.755825] sd 2:0:0:0: [sda] 20971520 512-byte logical blocks: (10.7 GB/10.0 GiB)
[   15.764596] sd 2:0:1:0: [sdb] Write Protect is off
[   15.769795] sd 2:0:0:0: [sda] Write Protect is off
[   15.770314] sd 2:0:0:0: [sda] Incomplete mode parameter data
[   15.770318] sd 2:0:0:0: [sda] Assuming drive cache: write through
[   15.793681]  sda: sda1
[   15.796409] sd 2:0:0:0: [sda] Attached SCSI disk
[   15.941627] sd 2:0:1:0: [sdb] Incomplete mode parameter data
[   16.025539] sd 2:0:1:0: [sdb] Assuming drive cache: write through
[   16.097504] sd 2:0:1:0: [sdb] Attached SCSI disk
Begin: Loading essential drivers ... [   18.964594] raid6: sse2x1   gen()   267 MB/s
[   19.036407] raid6: sse2x1   xor()   712 MB/s
[   19.125915] raid6: sse2x2   gen()   544 MB/s
[   19.180587] raid6: sse2x2   xor()  1767 MB/s
[   19.284715] raid6: sse2x4   gen()   943 MB/s
[   19.401868] raid6: sse2x4   xor()  1148 MB/s
[   19.472063] raid6: using algorithm sse2x4 gen() 943 MB/s
[   19.521902] raid6: .... xor() 1148 MB/s, rmw enabled
[   19.572892] raid6: using ssse3x2 recovery algorithm
[   19.628443] xor: automatically using best checksumming function   avx       
[   19.665966] async_tx: api initialized (async)
done.
Begin: Running /scripts/init-premount ... done.
Begin: Mounting root file system ... Begin: Running /scripts/local-top ... done.
Begin: Running /scripts/local-premount ... [   19.850281] Btrfs loaded, crc32c=crc32c-intel
Scanning for Btrfs filesystems
done.
Warning: fsck not present, so skipping root file system
[   20.395995] EXT4-fs (sda1): mounted filesystem with ordered data mode. Opts: (null)
done.
Begin: Running /scripts/local-bottom ... done.
Begin: Running /scripts/init-bottom ... done.
[   22.313963] random: crng init done
[   22.317558] random: 7 urandom warning(s) missed due to ratelimiting
[   22.541514] ip_tables: (C) 2000-2006 Netfilter Core Team
[   22.760670] systemd[1]: systemd 237 running in system mode. (+PAM +AUDIT +SELINUX +IMA +APPARMOR +SMACK +SYSVINIT +UTMP +LIBCRYPTSETUP +GCRYPT +GNUTLS +ACL +XZ +LZ4 +SECCOMP +BLKID +ELFUTILS +KMOD -IDN2 +IDN -PCRE2 default-hierarchy=hybrid)
[   23.671185] systemd[1]: Detected virtualization oracle.
[   23.677353] systemd[1]: Detected architecture x86-64.

Welcome to [1mUbuntu 18.04.2 LTS[0m!

[   23.789022] systemd[1]: Set hostname to <ubuntu-bionic>.
[   25.887200] systemd[1]: Reached target User and Group Name Lookups.
[[0;32m  OK  [0m] Reached target User and Group Name Lookups.
[   26.036867] systemd[1]: Started Forward Password Requests to Wall Directory Watch.
[[0;32m  OK  [0m] Started Forward Password Requests to Wall Directory Watch.
[   26.204780] systemd[1]: Reached target System Time Synchronized.
[[0;32m  OK  [0m] Reached target System Time Synchronized.
[   26.241216] systemd[1]: Set up automount Arbitrary Executable File Formats File System Automount Point.
[[0;32m  OK  [0m] Set up automount Arbitrary Executab…rmats File System Automount Point.
[   26.355339] systemd[1]: Created slice User and Session Slice.
[[0;32m  OK  [0m] Created slice User and Session Slice.
[   26.381470] systemd[1]: Reached target Swap.
[[0;32m  OK  [0m] Reached target Swap.
[[0;32m  OK  [0m] Created slice System Slice.
[[0;32m  OK  [0m] Listening on LVM2 poll daemon socket.
[[0;32m  OK  [0m] Listening on Network Service Netlink Socket.
[[0;32m  OK  [0m] Listening on Journal Audit Socket.
[[0;32m  OK  [0m] Reached target Slices.
[[0;32m  OK  [0m] Listening on udev Control Socket.
[[0;32m  OK  [0m] Listening on /dev/initctl Compatibility Named Pipe.
[[0;32m  OK  [0m] Listening on Syslog Socket.
[[0;32m  OK  [0m] Listening on Device-mapper event daemon FIFOs.
[[0;32m  OK  [0m] Listening on udev Kernel Socket.
[[0;32m  OK  [0m] Listening on LVM2 metadata daemon socket.
[[0;32m  OK  [0m] Listening on Journal Socket.
         Starting Load Kernel Modules...
         Starting Create list of required st…ce nodes for the current kernel...
         Mounting Kernel Debug File System...
[   27.032298] Loading iSCSI transport class v2.0-870.
         Starting Uncomplicated firewall...
         Starting Monitoring of LVM2 mirrors…ng dmeventd or pr[   27.106643] iscsi: registered transport (tcp)
ogress polling...
         Mounting Huge Pages File System...
         Starting Remount Root and Kernel File Systems...
         Starting Set the console keyboard layout...
         Mounting POSIX Message Queue File System...
         Starting udev Coldplug all Devices...
[[0;32m  OK  [0m] Created slice system-serial\x2dgetty.slice.
[   27.500139] EXT4-fs (sda1): re-mounted. Opts: (null)
[[0;32m  OK  [0m] Listening on Journal Socket [   27.544148] iscsi: registered transport (iser)
(/dev/log).
         Starting Journal Service...
[[0;32m  OK  [0m] Started Load Kernel Modules.
[[0;32m  OK  [0m] Started Create list of required sta…vice nodes for the current kernel.
[[0;32m  OK  [0m] Mounted Kernel Debug File System.
[[0;32m  OK  [0m] Started Uncomplicated firewall.
[   27.770899] systemd[1]: Mounted Huge Pages File System.
[[0;32m  OK  [0m] Mounted Huge Pages File System.
[   27.804970] systemd[1]: Started Remount Root and Kernel File Systems.
[[0;32m  OK  [0m] Started Remount Root and Kernel File Systems.
[   27.830336] systemd[1]: Mounted POSIX Message Queue File System.
[[0;32m  OK  [0m] Mounted POSIX Message Queue File System.
[   27.953061] systemd[1]: Started Journal Service.
[[0;32m  OK  [0m] Started Journal Service.
[[0;32m  OK  [0m] Started Set the console keyboard layout.
[[0;32m  OK  [0m] Started LVM2 metadata daemon.
         Starting Flush Journal to Persistent Storage...
         Starting Load/Save Random Seed...
         Starting Create Static Device Nodes in /dev...
         Mounting Kernel Configuration File System...
         Mounting FUSE Control File System...
         Starting Apply Kernel Variables...
[[0;32m  OK  [0m] Started Monitoring of LVM2 mirrors,…sing dmeventd or progress polling.
[[0;32m  OK  [0m] Started udev Coldplug all Devices.
[[0;32m  OK  [0m] Started Load/Save Random Seed.
[[0;32m  OK  [0m] Started Create Static Device Nodes in /dev.
[[0;32m  OK  [0m] Mounted Kernel Configuration File System.
[[0;32m  OK  [0m] Mounted FUSE Control File System.
[[0;32m  OK  [0m] Started Apply Kernel Variables.
         Starting udev Kernel Device Manager...
[[0;32m  OK  [0m] Reached target Local File Systems (Pre).
[[0;32m  OK  [0m] Reached target Local File Systems.
         Starting Tell Plymouth To Write Out Runtime Data...
         Starting Set console font and keymap...
         Starting AppArmor initialization...
         Starting ebtables ruleset management...
[[0;32m  OK  [0m] Started Tell Plymouth To Write Out Runtime Data.
[[0;32m  OK  [0m] Started Set console font and keymap.
[[0;32m  OK  [0m] Started udev Kernel Device Manager.
[[0;32m  OK  [0m] Started Dispatch Password Requests to Console Directory Watch.
[[0;32m  OK  [0m] Reached target Local Encrypted Volumes.
[[0;32m  OK  [0m] Started ebtables ruleset management.
[[0;32m  OK  [0m] Found device /dev/ttyS0.
[[0;32m  OK  [0m] Listening on Load/Save RF Kill Switch Status /dev/rfkill Watch.
[[0;32m  OK  [0m] Started AppArmor initialization.
[[0;32m  OK  [0m] Started Flush Journal to Persistent Storage.
         Starting Create Volatile Files and Directories...
[[0;32m  OK  [0m] Started Create Volatile Files and Directories.
         Starting Initial cloud-init job (pre-networking)...
         Starting Update UTMP about System Boot/Shutdown...
[[0;32m  OK  [0m] Started Update UTMP about System Boot/Shutdown.
[   40.777977] cloud-init[593]: Cloud-init v. 19.1-1-gbaa47854-0ubuntu1~18.04.1 running 'init-local' at Thu, 08 Aug 2019 05:07:01 +0000. Up 39.71 seconds.
[[0;32m  OK  [0m] Started Initial cloud-init job (pre-networking).
[[0;32m  OK  [0m] Reached target Network (Pre).
         Starting Network Service...
[[0;32m  OK  [0m] Started Network Service.
         Starting Wait for Network to be Configured...
         Starting Network Name Resolution...
[[0;32m  OK  [0m] Started Network Name Resolution.
[[0;32m  OK  [0m] Reached target Host and Network Name Lookups.
[[0;32m  OK  [0m] Reached target Network.
[[0;32m  OK  [0m] Started Wait for Network to be Configured.
         Starting Initial cloud-init job (metadata service crawler)...
[   47.261919] cloud-init[709]: Cloud-init v. 19.1-1-gbaa47854-0ubuntu1~18.04.1 running 'init' at Thu, 08 Aug 2019 05:07:07 +0000. Up 45.36 seconds.
[   47.385288] cloud-init[709]: ci-info: ++++++++++++++++++++++++++++++++++++++Net device info+++++++++++++++++++++++++++++++++++++++
[   47.408531] cloud-init[709]: ci-info: +--------+------+-----------------------------+---------------+--------+-------------------+
[   47.421588] cloud-init[709]: ci-info: | Device |  Up  |           Address           |      Mask     | Scope  |     Hw-Address    |
[   47.434864] cloud-init[709]: ci-info: +--------+------+-----------------------------+---------------+--------+-------------------+
[   47.482007] cloud-init[709]: ci-info: | enp0s3 | True |          10.0.2.15          | 255.255.255.0 | global | 02:44:a0:33:03:e1 |
[   47.593113] cloud-init[709]: ci-info: | enp0s3 | True |  fe80::44:a0ff:fe33:3e1/64  |       .       |  link  | 02:44:a0:33:03:e1 |
[   47.604928] cloud-init[709]: ci-info: | enp0s8 | True |        192.168.33.10        | 255.255.255.0 | global | 08:00:27:83:31:0a |
[   47.628980] cloud-init[709]: ci-info: | enp0s8 | True | fe80::a00:27ff:fe83:310a/64 |       .       |  link  | 08:00:27:83:31:0a |
[   47.700750] cloud-init[709]: ci-info: |   lo   | True |          127.0.0.1          |   255.0.0.0   |  host  |         .         |
[   47.753399] cloud-init[709]: ci-info: |   lo   | True |           ::1/128           |       .       |  host  |         .         |
[   47.833062] cloud-init[709]: ci-info: +--------+------+-----------------------------+---------------+--------+-------------------+
[   47.877196] cloud-init[709]: ci-info: +++++++++++++++++++++++++++++Route IPv4 info+++++++++++++++++++++++++++++
[   47.988891] cloud-init[709]: ci-info: +-------+--------------+----------+-----------------+-----------+-------+
[   48.068714] cloud-init[709]: ci-info: | Route | Destination  | Gateway  |     Genmask     | Interface | Flags |
[   48.091291] cloud-init[709]: ci-info: +-------+--------------+----------+-----------------+-----------+-------+
[   48.160874] cloud-init[709]: ci-info: |   0   |   0.0.0.0    | 10.0.2.2 |     0.0.0.0     |   enp0s3  |   UG  |
[   48.261870] cloud-init[709]: ci-info: |   1   |   10.0.2.0   | 0.0.0.0  |  255.255.255.0  |   enp0s3  |   U   |
[   48.363994] cloud-init[709]: ci-info: |   2   |   10.0.2.2   | 0.0.0.0  | 255.255.255.255 |   enp0s3  |   UH  |
[   48.444856] cloud-init[709]: ci-info: |   3   | 192.168.33.0 | 0.0.0.0  |  255.255.255.0  |   enp0s8  |   U   |
[   48.498380] cloud-init[709]: ci-info: +-------+--------------+----------+-----------------+-----------+-------+
[   48.544395] cloud-init[709]: ci-info: +++++++++++++++++++Route IPv6 info+++++++++++++++++++
[   48.555838] cloud-init[709]: ci-info: +-------+-------------+---------+-----------+-------+
[   48.605581] cloud-init[709]: ci-info: | Route | Destination | Gateway | Interface | Flags |
[   48.627423] cloud-init[709]: ci-info: +-------+-------------+---------+-----------+-------+
[   48.667088] cloud-init[709]: ci-info: |   1   |  fe80::/64  |    ::   |   enp0s8  |   U   |
[   48.768259] cloud-init[709]: ci-info: |   2   |  fe80::/64  |    ::   |   enp0s3  |   U   |
[   48.819552] cloud-init[709]: ci-info: |   4   |    local    |    ::   |   enp0s3  |   U   |
[   48.861666] cloud-init[709]: ci-info: |   5   |    local    |    ::   |   enp0s8  |   U   |
[   48.883889] cloud-init[709]: ci-info: |   6   |   ff00::/8  |    ::   |   enp0s8  |   U   |
[   48.893867] cloud-init[709]: ci-info: |   7   |   ff00::/8  |    ::   |   enp0s3  |   U   |
[   48.944646] cloud-init[709]: ci-info: +-------+-------------+---------+-----------+-------+
[[0;32m  OK  [0m] Started Initial cloud-init job (metadata service crawler).
[[0;32m  OK  [0m] Reached target Cloud-config availability.
[[0;32m  OK  [0m] Reached target Network is Online.
[[0;32m  OK  [0m] Reached target Remote File Systems (Pre).
[[0;32m  OK  [0m] Reached target Remote File Systems.
         Starting Availability of block devices...
[[0;32m  OK  [0m] Reached target System Initialization.
[[0;32m  OK  [0m] Started Message of the Day.
[[0;32m  OK  [0m] Listening on Open-iSCSI iscsid Socket.
[[0;32m  OK  [0m] Started Discard unused blocks once a week.
[[0;32m  OK  [0m] Listening on ACPID Listen Socket.
[[0;32m  OK  [0m] Started Daily Cleanup of Temporary Directories.
[[0;32m  OK  [0m] Started Daily apt download activities.
[[0;32m  OK  [0m] Started Daily apt upgrade and clean activities.
         Starting LXD - unix socket.
[[0;32m  OK  [0m] Reached target Timers.
[[0;32m  OK  [0m] Listening on UUID daemon activation socket.
[[0;32m  OK  [0m] Listening on D-Bus System Message Bus Socket.
[[0;32m  OK  [0m] Started ACPI Events Check.
         Starting Socket activation for snappy daemon.
[[0;32m  OK  [0m] Reached target Paths.
[[0;32m  OK  [0m] Started Availability of block devices.
[[0;32m  OK  [0m] Listening on LXD - unix socket.
[[0;32m  OK  [0m] Listening on Socket activation for snappy daemon.
[[0;32m  OK  [0m] Reached target Sockets.
[[0;32m  OK  [0m] Reached target Basic System.
         Starting Snappy daemon...
         Starting LXD - container startup/shutdown...
         Starting Dispatcher daemon for systemd-networkd...
         Starting LSB: automatic crash report generation...
[[0;32m  OK  [0m] Started Deferred execution scheduler.
[[0;32m  OK  [0m] Started FUSE filesystem for LXC.
         Starting Permit User Sessions...
         Starting System Logging Service...
[[0;32m  OK  [0m] Started D-Bus System Message Bus.
         Starting OpenBSD Secure Shell server...
         Starting LSB: Record successful boot for GRUB...
[[0;32m  OK  [0m] Started Regular background program processing daemon.
         Starting vboxadd.service...
         Starting Login Service...
         Starting Accounts Service...
[[0;32m  OK  [0m] Started irqbalance daemon.
[[0;32m  OK  [0m] Started System Logging Service.
[[0;32m  OK  [0m] Started Permit User Sessions.
         Starting Terminate Plymouth Boot Screen...
         Starting Hold until boot process finishes up...
[[0;32m  OK  [0m] Started Terminate Plymouth Boot Screen.
[[0;32m  OK  [0m] Started Hold until boot process finishes up.
[[0;32m  OK  [0m] Started Serial Getty on ttyS0.
         Starting Set console scheme...
[[0;32m  OK  [0m] Started Login Service.
[[0;32m  OK  [0m] Started Unattended Upgrades Shutdown.
[[0;32m  OK  [0m] Started Set console scheme.
[[0;32m  OK  [0m] Created slice system-getty.slice.
[[0;32m  OK  [0m] Started Getty on tty1.
[[0;32m  OK  [0m] Reached target Login Prompts.
[[0;32m  OK  [0m] Started Dispatcher daemon for systemd-networkd.
[[0;32m  OK  [0m] Started LSB: automatic crash report generation.
         Starting Authorization Manager...
[[0;32m  OK  [0m] Started LSB: Record successful boot for GRUB.
[[0;32m  OK  [0m] Started OpenBSD Secure Shell server.

Ubuntu 18.04.2 LTS ubuntu-bionic ttyS0

ubuntu-bionic login: [   64.666474] cloud-init[1103]: Cloud-init v. 19.1-1-gbaa47854-0ubuntu1~18.04.1 running 'modules:config' at Thu, 08 Aug 2019 05:07:25 +0000. Up 63.90 seconds.
[   68.205545] cloud-init[1198]: Cloud-init v. 19.1-1-gbaa47854-0ubuntu1~18.04.1 running 'modules:final' at Thu, 08 Aug 2019 05:07:29 +0000. Up 67.20 seconds.
[   68.206932] cloud-init[1198]: Cloud-init v. 19.1-1-gbaa47854-0ubuntu1~18.04.1 finished at Thu, 08 Aug 2019 05:07:29 +0000. Datasource DataSourceNoCloud [seed=/dev/sdb][dsmode=net].  Up 68.07 seconds
